<?xml version="1.0" encoding="UTF-8"?>
<robot generator="Robot 3.1.2 (Python 3.6.8 on win32)" generated="20200326 22:29:01.654" rpa="false">
<suite id="s1" name="157" source="C:\Users\qpjg1605\Documents\FL\ShipmentTracker\157.robot">
<test id="s1-t1" name="Test title">
<kw name="Open Browser" library="Selenium2Library">
<doc>Opens a new browser instance to the given ``url``.</doc>
<arguments>
<arg>https://www.track-trace.com/aircargo</arg>
<arg>chrome</arg>
</arguments>
<msg timestamp="20200326 22:29:04.397" level="INFO">Opening browser 'chrome' to base url 'https://www.track-trace.com/aircargo'.</msg>
<status status="PASS" starttime="20200326 22:29:04.396" endtime="20200326 22:29:14.158"></status>
</kw>
<kw name="Maximize Browser Window" library="Selenium2Library">
<doc>Maximizes current browser window.</doc>
<status status="PASS" starttime="20200326 22:29:14.165" endtime="20200326 22:29:14.983"></status>
</kw>
<kw name="Sleep" library="BuiltIn">
<doc>Pauses the test executed for the given time.</doc>
<arguments>
<arg>4s</arg>
</arguments>
<msg timestamp="20200326 22:29:19.033" level="INFO">Slept 4 seconds</msg>
<status status="PASS" starttime="20200326 22:29:15.031" endtime="20200326 22:29:19.033"></status>
</kw>
<kw name="Click Button" library="Selenium2Library">
<doc>Clicks button identified by ``locator``.</doc>
<arguments>
<arg>//button[@class='tingle-btn tingle-btn--primary']</arg>
</arguments>
<msg timestamp="20200326 22:29:19.034" level="INFO">Clicking button '//button[@class='tingle-btn tingle-btn--primary']'.</msg>
<status status="PASS" starttime="20200326 22:29:19.034" endtime="20200326 22:29:19.197"></status>
</kw>
<kw name="Input Text" library="Selenium2Library">
<doc>Types the given ``text`` into text field identified by ``locator``.</doc>
<arguments>
<arg>//input[@id='number']</arg>
<arg>${shipment_id}</arg>
</arguments>
<msg timestamp="20200326 22:29:19.203" level="INFO">Typing text '15724645025' into text field '//input[@id='number']'.</msg>
<status status="PASS" starttime="20200326 22:29:19.202" endtime="20200326 22:29:19.565"></status>
</kw>
<kw name="Click Button" library="Selenium2Library">
<doc>Clicks button identified by ``locator``.</doc>
<arguments>
<arg>//div[@id='vue-multi-form']//div[3]//input[1]</arg>
</arguments>
<msg timestamp="20200326 22:29:19.568" level="INFO">Clicking button '//div[@id='vue-multi-form']//div[3]//input[1]'.</msg>
<status status="PASS" starttime="20200326 22:29:19.567" endtime="20200326 22:29:19.926"></status>
</kw>
<kw name="Wait Until Element Is Visible" library="Selenium2Library">
<doc>Waits until element ``locator`` is visible.</doc>
<arguments>
<arg>//a[contains(text(),'Click here to see details')]</arg>
<arg>timeout=30s</arg>
</arguments>
<status status="PASS" starttime="20200326 22:29:19.929" endtime="20200326 22:29:31.831"></status>
</kw>
<kw name="Click Element" library="Selenium2Library">
<doc>Click element identified by ``locator``.</doc>
<arguments>
<arg>//a[contains(text(),'Click here to see details')]</arg>
</arguments>
<msg timestamp="20200326 22:29:31.832" level="INFO">Clicking element '//a[contains(text(),'Click here to see details')]'.</msg>
<status status="PASS" starttime="20200326 22:29:31.832" endtime="20200326 22:29:31.949"></status>
</kw>
<kw name="Wait Until Element Is Visible" library="Selenium2Library">
<doc>Waits until element ``locator`` is visible.</doc>
<arguments>
<arg>//div[@class='table-responsive-2 tsp10']//tr[1]//td[1]</arg>
<arg>timeout=30s</arg>
</arguments>
<status status="PASS" starttime="20200326 22:29:31.950" endtime="20200326 22:29:32.311"></status>
</kw>
<kw name="Get Text" library="Selenium2Library">
<doc>Returns the text value of element identified by ``locator``.</doc>
<arguments>
<arg>xpath=//div[@class='table-responsive-2 tsp10']//tr[1]//td[1]</arg>
</arguments>
<assign>
<var>${status}</var>
</assign>
<msg timestamp="20200326 22:29:32.380" level="INFO">${status} = DLV</msg>
<status status="PASS" starttime="20200326 22:29:32.312" endtime="20200326 22:29:32.380"></status>
</kw>
<kw name="Get Text" library="Selenium2Library">
<doc>Returns the text value of element identified by ``locator``.</doc>
<arguments>
<arg>xpath=//div[@class='table-responsive-2 tsp10']//tr[1]//td[4]</arg>
</arguments>
<assign>
<var>${current_remarks}</var>
</assign>
<msg timestamp="20200326 22:29:32.418" level="INFO">${current_remarks} = Delivered 35 Pcs 521 Kgs 20-Mar-2020 18:33 at LHR</msg>
<status status="PASS" starttime="20200326 22:29:32.381" endtime="20200326 22:29:32.418"></status>
</kw>
<kw name="Get Location" library="Selenium2Library">
<doc>Returns the current browser URL.</doc>
<assign>
<var>${status_string}</var>
</assign>
<msg timestamp="20200326 22:29:32.426" level="INFO">${status_string} = http://www.qrcargo.com/trackshipment?docNumber=24645025&amp;docType=MAWB&amp;docPrefix=157</msg>
<status status="PASS" starttime="20200326 22:29:32.419" endtime="20200326 22:29:32.426"></status>
</kw>
<kw name="Log To Console" library="BuiltIn">
<doc>Logs the given message to the console.</doc>
<arguments>
<arg>${status}</arg>
</arguments>
<status status="PASS" starttime="20200326 22:29:32.427" endtime="20200326 22:29:32.427"></status>
</kw>
<kw name="Log To Console" library="BuiltIn">
<doc>Logs the given message to the console.</doc>
<arguments>
<arg>${current_remarks}</arg>
</arguments>
<status status="PASS" starttime="20200326 22:29:32.428" endtime="20200326 22:29:32.428"></status>
</kw>
<kw name="Log To Console" library="BuiltIn">
<doc>Logs the given message to the console.</doc>
<arguments>
<arg>${status_string}</arg>
</arguments>
<status status="PASS" starttime="20200326 22:29:32.429" endtime="20200326 22:29:32.429"></status>
</kw>
<kw name="Close Browser" library="Selenium2Library">
<doc>Closes the current browser.</doc>
<status status="PASS" starttime="20200326 22:29:32.430" endtime="20200326 22:29:35.958"></status>
</kw>
<tags>
<tag>DEBUG</tag>
</tags>
<status status="PASS" starttime="20200326 22:29:04.392" endtime="20200326 22:29:35.959" critical="yes"></status>
</test>
<doc>Suite description</doc>
<status status="PASS" starttime="20200326 22:29:01.670" endtime="20200326 22:29:35.962"></status>
</suite>
<statistics>
<total>
<stat pass="1" fail="0">Critical Tests</stat>
<stat pass="1" fail="0">All Tests</stat>
</total>
<tag>
<stat pass="1" fail="0">DEBUG</stat>
</tag>
<suite>
<stat pass="1" fail="0" id="s1" name="157">157</stat>
</suite>
</statistics>
<errors>
<msg timestamp="20200326 22:29:04.384" level="ERROR">Error in file 'C:\Users\qpjg1605\Documents\FL\ShipmentTracker\157.robot': Initializing test library 'MYSQlWrapper' with no arguments failed: DatabaseError: 2003 (HY000): Can't connect to MySQL server on 'localhost' (10061)
Traceback (most recent call last):
  File "C:\Users\qpjg1605\Documents\FL\ShipmentTracker\MYSQlWrapper.py", line 14, in __init__
    password=db_details["psswd"])
  File "c:\users\qpjg1605\appdata\local\programs\python\python36\lib\site-packages\mysql\connector\__init__.py", line 172, in connect
    return CMySQLConnection(*args, **kwargs)
  File "c:\users\qpjg1605\appdata\local\programs\python\python36\lib\site-packages\mysql\connector\connection_cext.py", line 78, in __init__
    self.connect(**kwargs)
  File "c:\users\qpjg1605\appdata\local\programs\python\python36\lib\site-packages\mysql\connector\abstracts.py", line 735, in connect
    self._open_connection()
  File "c:\users\qpjg1605\appdata\local\programs\python\python36\lib\site-packages\mysql\connector\connection_cext.py", line 182, in _open_connection
    sqlstate=exc.sqlstate)</msg>
</errors>
</robot>
